"../../../../amazing-agility 4.19/Content/TestMap_BuiltData.uasset" 0
"../../../Engine/Content/EditorBlueprintResources/StandardMacros.uasset" 1
"../../../../amazing-agility 4.19/Content/Blueprints/GameFiles/TimeConversion.uasset" 2
"../../../../amazing-agility 4.19/Content/Blueprints/GameFiles/MySaveGame.uasset" 3
"../../../../amazing-agility 4.19/Content/Wolf/Wolf_UDK_Skeleton.uasset" 4
"../../../../amazing-agility 4.19/Content/Wolf/Wolf_UDK_Anim_Wolf_Idle_.uasset" 5
"../../../../amazing-agility 4.19/Content/Wolf/Wolf_UDK_Anim_Wolf_Run_Cycle_.uasset" 6
"../../../../amazing-agility 4.19/Content/Blendspaces/Running.uasset" 7
"../../../../amazing-agility 4.19/Content/Characters/WolfAnimation.uasset" 8
"../../../../amazing-agility 4.19/Content/Wolf/Wolf_Body.uasset" 9
"../../../../amazing-agility 4.19/Content/Wolf/Wolf_Body__wolf_col_tga.uasset" 10
"../../../../amazing-agility 4.19/Content/Wolf/Wolf_Claws.uasset" 11
"../../../../amazing-agility 4.19/Content/Wolf/Wolf_Eyes_1.uasset" 12
"../../../../amazing-agility 4.19/Content/Wolf/Wolf_Eyes.uasset" 13
"../../../../amazing-agility 4.19/Content/Wolf/Wolf_Fur_Alpha_3.uasset" 14
"../../../../amazing-agility 4.19/Content/Wolf/Wolf_Fur.uasset" 15
"../../../../amazing-agility 4.19/Content/Wolf/Wolf_Teeth__nor2_tga.uasset" 16
"../../../../amazing-agility 4.19/Content/Wolf/Wolf_UDK.uasset" 17
"../../../../amazing-agility 4.19/Content/Characters/WolfCharacter.uasset" 18
"../../../../amazing-agility 4.19/Content/Blueprints/UI/HUD.uasset" 19
"../../../../amazing-agility 4.19/Content/Blueprints/GameFiles/MyPlayerController.uasset" 20
"../../../../amazing-agility 4.19/Content/Blueprints/GameFiles/MyGameMode.uasset" 21
"../../../../amazing-agility 4.19/Content/Blueprints/GameFiles/MyGameInstance.uasset" 22
"../../../../amazing-agility 4.19/Content/StarterContent/Textures/T_Perlin_Noise_M.uasset" 23
"../../../../amazing-agility 4.19/Content/StarterContent/Textures/T_Wood_Floor_Walnut_D.uasset" 24
"../../../../amazing-agility 4.19/Content/StarterContent/Textures/T_Wood_Floor_Walnut_M.uasset" 25
"../../../../amazing-agility 4.19/Content/StarterContent/Textures/T_Wood_Floor_Walnut_N.uasset" 26
"../../../../amazing-agility 4.19/Content/StarterContent/Materials/M_Wood_Floor_Walnut_Polished.uasset" 27
"../../../../amazing-agility 4.19/Content/StarterContent/Textures/T_Brick_Clay_New_D.uasset" 28
"../../../../amazing-agility 4.19/Content/StarterContent/Textures/T_Brick_Clay_New_M.uasset" 29
"../../../../amazing-agility 4.19/Content/StarterContent/Textures/T_Brick_Clay_New_N.uasset" 30
"../../../../amazing-agility 4.19/Content/StarterContent/Textures/T_Detail_Rocky_N.uasset" 31
"../../../../amazing-agility 4.19/Content/StarterContent/Textures/T_MacroVariation.uasset" 32
"../../../../amazing-agility 4.19/Content/StarterContent/Materials/M_Brick_Clay_New.uasset" 33
"../../../../amazing-agility 4.19/Content/StarterContent/Textures/T_CobbleStone_Pebble_D.uasset" 34
"../../../../amazing-agility 4.19/Content/StarterContent/Textures/T_CobbleStone_Pebble_M.uasset" 35
"../../../../amazing-agility 4.19/Content/StarterContent/Textures/T_CobbleStone_Pebble_N.uasset" 36
"../../../../amazing-agility 4.19/Content/StarterContent/Materials/M_CobbleStone_Pebble.uasset" 37
"../../../../amazing-agility 4.19/Content/Meshes/FenceMesh.uasset" 38
"../../../../amazing-agility 4.19/Content/Blueprints/GameFiles/ExtendableWall.uasset" 39
"../../../../amazing-agility 4.19/Content/StarterContent/Audio/Light02_Cue.uasset" 40
"../../../../amazing-agility 4.19/Content/StarterContent/Audio/Starter_Wind06.uasset" 41
"../../../../amazing-agility 4.19/Content/StarterContent/Audio/Light02.uasset" 42
"../../../../amazing-agility 4.19/Content/StarterContent/Audio/Fire01.uasset" 43
"../../../../amazing-agility 4.19/Content/StarterContent/Audio/Steam01.uasset" 44
"../../../../amazing-agility 4.19/Content/StarterContent/Audio/Light01.uasset" 45
"../../../../amazing-agility 4.19/Content/StarterContent/Audio/Collapse02.uasset" 46
"../../../../amazing-agility 4.19/Content/StarterContent/Audio/Explosion02.uasset" 47
"../../../../amazing-agility 4.19/Content/StarterContent/Audio/Starter_Music01.uasset" 48
"../../../../amazing-agility 4.19/Content/StarterContent/Audio/Smoke01.uasset" 49
"../../../../amazing-agility 4.19/Content/StarterContent/Audio/Starter_Birds01.uasset" 50
"../../../../amazing-agility 4.19/Content/StarterContent/Audio/Light01_Cue.uasset" 51
"../../../../amazing-agility 4.19/Content/StarterContent/Audio/Fire_Sparks01.uasset" 52
"../../../../amazing-agility 4.19/Content/StarterContent/Audio/Starter_Wind05.uasset" 53
"../../../../amazing-agility 4.19/Content/StarterContent/Audio/Collapse01.uasset" 54
"../../../../amazing-agility 4.19/Content/StarterContent/Audio/Explosion_Cue.uasset" 55
"../../../../amazing-agility 4.19/Content/StarterContent/Textures/T_Burst_M.uasset" 56
"../../../../amazing-agility 4.19/Content/StarterContent/Particles/Materials/M_Burst.uasset" 57
"../../../../amazing-agility 4.19/Content/StarterContent/Textures/T_Explosion_SubUV.uasset" 58
"../../../../amazing-agility 4.19/Content/StarterContent/Particles/Materials/M_explosion_subUV.uasset" 59
"../../../../amazing-agility 4.19/Content/StarterContent/Particles/Materials/m_flare_01.uasset" 60
"../../../Engine/Content/Functions/Engine_MaterialFunctions01/Gradient/RadialGradient.uasset" 61
"../../../../amazing-agility 4.19/Content/StarterContent/Particles/Materials/M_radial_ramp.uasset" 62
"../../../../amazing-agility 4.19/Content/StarterContent/Textures/T_Smoke_SubUV.uasset" 63
"../../../../amazing-agility 4.19/Content/StarterContent/Textures/T_Smoke_Tiled_D.uasset" 64
"../../../../amazing-agility 4.19/Content/StarterContent/Particles/Materials/M_smoke_subUV.uasset" 65
"../../../../amazing-agility 4.19/Content/StarterContent/Particles/P_Explosion.uasset" 66
"../../../../amazing-agility 4.19/Content/StarterContent/Blueprints/Blueprint_Effect_Explosion.uasset" 67
"../../../../amazing-agility 4.19/Content/StarterContent/Materials/M_Basic_Wall.uasset" 68
"../../../../amazing-agility 4.19/Content/StarterContent/Shapes/Shape_Trim_90_In.uasset" 69
"../../../../amazing-agility 4.19/Content/StarterContent/Shapes/Shape_Torus.uasset" 70
"../../../../amazing-agility 4.19/Content/StarterContent/Shapes/Shape_NarrowCapsule.uasset" 71
"../../../../amazing-agility 4.19/Content/StarterContent/Shapes/Shape_Tube.uasset" 72
"../../../../amazing-agility 4.19/Content/StarterContent/Shapes/Shape_Trim_90_Out.uasset" 73
"../../../../amazing-agility 4.19/Content/StarterContent/Shapes/Shape_Pipe_90.uasset" 74
"../../../../amazing-agility 4.19/Content/StarterContent/Shapes/Shape_Cone.uasset" 75
"../../../../amazing-agility 4.19/Content/StarterContent/Shapes/Shape_Cylinder.uasset" 76
"../../../../amazing-agility 4.19/Content/StarterContent/Shapes/Shape_Wedge_B.uasset" 77
"../../../../amazing-agility 4.19/Content/StarterContent/Shapes/Shape_Plane.uasset" 78
"../../../../amazing-agility 4.19/Content/StarterContent/Shapes/Shape_WideCapsule.uasset" 79
"../../../../amazing-agility 4.19/Content/StarterContent/Shapes/Shape_Wedge_A.uasset" 80
"../../../../amazing-agility 4.19/Content/StarterContent/Shapes/Shape_Pipe_180.uasset" 81
"../../../../amazing-agility 4.19/Content/StarterContent/Shapes/Shape_Trim.uasset" 82
"../../../../amazing-agility 4.19/Content/StarterContent/Shapes/Shape_TriPyramid.uasset" 83
"../../../../amazing-agility 4.19/Content/StarterContent/Materials/M_Glass.uasset" 84
"../../../../amazing-agility 4.19/Content/StarterContent/Textures/T_Door_M.uasset" 85
"../../../../amazing-agility 4.19/Content/StarterContent/Textures/T_Door_N.uasset" 86
"../../../../amazing-agility 4.19/Content/StarterContent/Props/Materials/M_Door.uasset" 87
"../../../../amazing-agility 4.19/Content/StarterContent/Props/SM_Door.uasset" 88
"../../../../amazing-agility 4.19/Content/StarterContent/Materials/M_Basic_Floor.uasset" 89
"../../../../amazing-agility 4.19/Content/StarterContent/Props/SM_Stairs.uasset" 90
"../../../../amazing-agility 4.19/Content/StarterContent/Textures/T_Shelf_M.uasset" 91
"../../../../amazing-agility 4.19/Content/StarterContent/Textures/T_Shelf_N.uasset" 92
"../../../../amazing-agility 4.19/Content/StarterContent/Props/Materials/M_Shelf.uasset" 93
"../../../../amazing-agility 4.19/Content/StarterContent/Props/SM_Shelf.uasset" 94
"../../../Engine/Content/Functions/Engine_MaterialFunctions02/Utility/BlendAngleCorrectedNormals.uasset" 95
"../../../../amazing-agility 4.19/Content/StarterContent/Textures/T_Rock_Basalt_D.uasset" 96
"../../../../amazing-agility 4.19/Content/StarterContent/Textures/T_RockMesh_M.uasset" 97
"../../../../amazing-agility 4.19/Content/StarterContent/Textures/T_RockMesh_N.uasset" 98
"../../../../amazing-agility 4.19/Content/StarterContent/Props/Materials/M_Rock.uasset" 99
"../../../../amazing-agility 4.19/Content/StarterContent/Props/SM_Rock.uasset" 100
"../../../../amazing-agility 4.19/Content/StarterContent/Props/Materials/M_MaterialSphere.uasset" 101
"../../../../amazing-agility 4.19/Content/StarterContent/Props/Materials/M_MaterialSphere_Plain.uasset" 102
"../../../../amazing-agility 4.19/Content/StarterContent/Props/SM_MatPreviewMesh_02.uasset" 103
"../../../../amazing-agility 4.19/Content/StarterContent/Textures/T_Bush_D.uasset" 104
"../../../../amazing-agility 4.19/Content/StarterContent/Textures/T_Bush_N.uasset" 105
"../../../../amazing-agility 4.19/Content/StarterContent/Props/Materials/M_Bush.uasset" 106
"../../../../amazing-agility 4.19/Content/StarterContent/Props/SM_Bush.uasset" 107
"../../../../amazing-agility 4.19/Content/StarterContent/Textures/T_Chair_M.uasset" 108
"../../../../amazing-agility 4.19/Content/StarterContent/Textures/T_Chair_N.uasset" 109
"../../../../amazing-agility 4.19/Content/StarterContent/Props/Materials/M_Chair.uasset" 110
"../../../../amazing-agility 4.19/Content/StarterContent/Props/SM_Couch.uasset" 111
"../../../../amazing-agility 4.19/Content/StarterContent/Architecture/Wall_Window_400x400.uasset" 112
"../../../../amazing-agility 4.19/Content/StarterContent/Architecture/Wall_Door_400x400.uasset" 113
"../../../../amazing-agility 4.19/Content/StarterContent/Architecture/Wall_400x400.uasset" 114
"../../../../amazing-agility 4.19/Content/StarterContent/Architecture/Wall_500x500.uasset" 115
"../../../../amazing-agility 4.19/Content/StarterContent/Architecture/Wall_400x300.uasset" 116
"../../../../amazing-agility 4.19/Content/Wolf/Wolf_UDK_Anim_Wolf_seat_.uasset" 117
"../../../../amazing-agility 4.19/Content/Wolf/Floor_Blueprint.uasset" 118
"../../../../amazing-agility 4.19/Content/Wolf/Wolf_UDK_Anim_Wolf_creep_cycle.uasset" 119
"../../../../amazing-agility 4.19/Content/Wolf/Wolf_Fur_Alpha.uasset" 120
"../../../../amazing-agility 4.19/Content/Wolf/Wolf_Eyes_2.uasset" 121
"../../../../amazing-agility 4.19/Content/Wolf/Wolf_UDK_Anim_Default_Take.uasset" 122
"../../../../amazing-agility 4.19/Content/Wolf/Wolf_UDK_Anim_000.uasset" 123
"../../../../amazing-agility 4.19/Content/Wolf/Wolf_UDK_Anim_Wolf_Walk_cycle_.uasset" 124
"../../../../amazing-agility 4.19/Content/Wolf/Wolf_Fur_Alpha_2.uasset" 125
"../../../Engine/Content/Functions/Engine_MaterialFunctions01/Opacity/CameraDepthFade.uasset" 126
"../../../Engine/Content/EngineMaterials/T_Default_Material_Grid_M.uasset" 127
"../../../Engine/Content/EngineMaterials/T_Default_Material_Grid_N.uasset" 128
"../../../Engine/Content/EngineMaterials/WorldGridMaterial.uasset" 129
"../../../Engine/Content/BasicShapes/Cube.uasset" 130
"../../../Engine/Content/EngineMaterials/DefaultMaterial.uasset" 131
"../../../Engine/Content/BasicShapes/Sphere.uasset" 132
"../../../Engine/Content/BasicShapes/Plane.uasset" 133
"../../../Engine/Content/BasicShapes/Cone.uasset" 134
"../../../Engine/Content/BasicShapes/Cylinder.uasset" 135
"../../../Engine/Content/VREditor/UI/KeyDiskMaterial.uasset" 136
"../../../Engine/Content/VREditor/UI/DiscMaterial.uasset" 137
"../../../Engine/Content/VREditor/UI/SM_Radial_Disk.uasset" 138
"../../../Engine/Content/VREditor/Devices/Vive/UE4_Logo.uasset" 139
"../../../Engine/Content/VREditor/UI/M_ContentWindow.uasset" 140
"../../../Engine/Content/VREditor/UI/SM_ContentWindow_01.uasset" 141
"../../../Engine/Content/VREditor/UI/ArrowMaterial.uasset" 142
"../../../Engine/Content/VREditor/UI/SM_Radial_Pointer.uasset" 143
"../../../Engine/Content/VREditor/Fonts/VRText_RobotoLarge.uasset" 144
"../../../Engine/Content/VREditor/Fonts/VRTextMaterial.uasset" 145
"../../../Engine/Content/VREditor/Fonts/TranslucentVRTextMaterial.uasset" 146
"../../../Engine/Content/VREditor/Devices/Generic/GenericHMDMaterial.uasset" 147
"../../../Engine/Content/VREditor/Devices/Generic/GenericHMD.uasset" 148
"../../../Engine/Content/Functions/Engine_MaterialFunctions02/Utility/BreakOutFloat3Components.uasset" 149
"../../../Engine/Content/VREditor/Devices/Vive/VivePreController_MasksB.uasset" 150
"../../../Engine/Content/VREditor/Devices/Oculus/OculusControllerMaterial.uasset" 151
"../../../Engine/Content/VREditor/Devices/Oculus/OculusControllerMaterial_Inst.uasset" 152
"../../../Engine/Content/VREditor/Devices/Oculus/OculusControllerMesh.uasset" 153
"../../../Engine/Content/VREditor/Devices/Vive/T_VivePreController_EM.uasset" 154
"../../../Engine/Content/VREditor/Devices/Vive/VivePreController_MasksA.uasset" 155
"../../../Engine/Content/VREditor/Devices/Vive/VivePreControllerDiffuse.uasset" 156
"../../../Engine/Content/VREditor/Devices/Vive/VivePreControllerSpec.uasset" 157
"../../../Engine/Content/VREditor/LaserPointer/VR_LaserPower_01.uasset" 158
"../../../Engine/Content/VREditor/Devices/Vive/VivePreControllerMaterial.uasset" 159
"../../../Engine/Content/VREditor/Devices/Vive/VivePreControllerMaterial_Inst.uasset" 160
"../../../Engine/Content/VREditor/Devices/Vive/VivePreControllerMesh.uasset" 161
"../../../Engine/Content/EditorLandscapeResources/FlattenHeightMat.uasset" 162
"../../../Engine/Content/VREditor/WorldMovementGrid/PlaneMesh.uasset" 163
"../../../Engine/Content/VREditor/WorldMovementGrid/SimpleGrid.uasset" 164
"../../../Engine/Content/VREditor/WorldMovementGrid/GridMaterial.uasset" 165
"../../../Engine/Content/Functions/Engine_MaterialFunctions01/Density/ExponentialDensity.uasset" 166
"../../../Engine/Content/VREditor/WorldMovementGrid/GridPostProcess.uasset" 167
"../../../Engine/Content/VREditor/LaserPointer/CursorPointer.uasset" 168
"../../../Engine/Content/VREditor/LaserPointer/LaserPointerMaterial.uasset" 169
"../../../Engine/Content/VREditor/LaserPointer/LaserPointerMaterialInst.uasset" 170
"../../../Engine/Content/VREditor/LaserPointer/TranslucentLaserPointerMaterialInst.uasset" 171
"../../../Engine/Content/VREditor/LaserPointer/LaserPointerMesh_End.uasset" 172
"../../../Engine/Content/VREditor/LaserPointer/LaserPointerMesh.uasset" 173
"../../../Engine/Content/VREditor/LaserPointer/LaserPointerMesh_Start.uasset" 174
"../../../Engine/Content/VREditor/TransformGizmo/TransformGizmoMaterial.uasset" 175
"../../../Engine/Content/VREditor/LaserPointer/HoverMaterial.uasset" 176
"../../../Engine/Content/VREditor/TransformGizmo/TranslucentTransformGizmoMaterial.uasset" 177
"../../../Engine/Content/VREditor/LaserPointer/TranslucentHoverMaterial.uasset" 178
"../../../Engine/Content/VREditor/LaserPointer/HoverMesh.uasset" 179
"../../../Engine/Content/VREditor/Sounds/VR_teleport.uasset" 180
"../../../Engine/Content/VREditor/Sounds/UI/Click_on_Button_Cue.uasset" 181
"../../../Engine/Content/VREditor/Sounds/UI/Dockable_Window_Drop.uasset" 182
"../../../Engine/Content/VREditor/Sounds/UI/Floating_UI_Open-001.uasset" 183
"../../../Engine/Content/VREditor/Sounds/UI/Click_on_Button.uasset" 184
"../../../Engine/Content/VREditor/Sounds/UI/Radial_Menu_FadeOut.uasset" 185
"../../../Engine/Content/VREditor/Sounds/UI/Dockable_Window_Pick_Up.uasset" 186
"../../../Engine/Content/VREditor/Sounds/UI/Drop_Item_From_ContentBrowser.uasset" 187
"../../../Engine/Content/VREditor/Sounds/UI/Dockable_Window_Close.uasset" 188
"../../../Engine/Content/VREditor/Sounds/UI/Teleport_Mode_Entered.uasset" 189
"../../../Engine/Content/VREditor/Sounds/UI/Dockable_Window_Open.uasset" 190
"../../../Engine/Content/VREditor/FloatingText/LineMaterial.uasset" 191
"../../../Engine/Content/VREditor/FloatingText/JointSphere.uasset" 192
"../../../Engine/Content/VREditor/FloatingText/LineSegmentCylinder.uasset" 193
"../../../Engine/Content/VREditor/Teleport/TeleportDirectionMesh.uasset" 194
"../../../Engine/Content/VREditor/Teleport/TeleportDirectionMaterial.uasset" 195
"../../../Engine/Content/VREditor/Teleport/TeleportDirectionMaterial_Inst.uasset" 196
"../../../Engine/Content/VREditor/TransformGizmo/BoundingBoxEdge.uasset" 197
"../../../Engine/Content/VREditor/TransformGizmo/TransformGizmoMaterial_Inst.uasset" 198
"../../../Engine/Content/VREditor/TransformGizmo/Main.uasset" 199
"../../../Engine/Content/VREditor/TransformGizmo/Xray.uasset" 200
"../../../Engine/Content/VREditor/TransformGizmo/SM_Sequencer_Node.uasset" 201
"../../../Engine/Content/VREditor/TransformGizmo/SM_Sequencer_Key.uasset" 202
"../../../Engine/Content/VREditor/TransformGizmo/SM_Dialog_Close.uasset" 203
"../../../Engine/Content/VREditor/TransformGizmo/SM_Dialog_Move.uasset" 204
"../../../Engine/Content/VREditor/TransformGizmo/BoundingBoxCorner.uasset" 205
"../../../Engine/Content/VREditor/TransformGizmo/PlaneTranslationHandle.uasset" 206
"../../../Engine/Content/VREditor/TransformGizmo/TranslucentTransformGizmoMaterial_Inst.uasset" 207
"../../../Engine/Content/EditorMaterials/Camera/CineMat.uasset" 208
"../../../Engine/Content/EditorMaterials/Camera/MI_CineMat_Rig.uasset" 209
"../../../Engine/Content/EditorMeshes/Camera/SM_CraneRig_Arm.uasset" 210
"../../../Engine/Content/EditorMeshes/Camera/SM_CraneRig_Mount.uasset" 211
"../../../Engine/Content/EditorMeshes/Camera/SM_RailRig_Track.uasset" 212
"../../../Engine/Content/EditorMeshes/Camera/SM_RailRig_Mount.uasset" 213
"../../../Engine/Content/EditorMeshes/Camera/SM_CraneRig_Base.uasset" 214
"../../../Engine/Content/EditorMeshes/Camera/SM_CraneRig_Body.uasset" 215
"../../../Engine/Content/Functions/Engine_MaterialFunctions01/Shading/ConvertFromDiffSpec.uasset" 216
"../../../Engine/Content/Functions/Engine_MaterialFunctions01/Shading/PowerToRoughness.uasset" 217
"../../../Engine/Content/EngineMaterials/RemoveSurfaceMaterial.uasset" 218
"../../../Engine/Content/EngineMaterials/DefaultDiffuse.uasset" 219
"../../../Engine/Content/EngineMaterials/DefaultDeferredDecalMaterial.uasset" 220
"../../../Engine/Content/EngineFonts/RobotoDistanceField.uasset" 221
"../../../Engine/Content/EngineMaterials/DefaultTextMaterialOpaque.uasset" 222
"../../../Engine/Content/EngineMaterials/DefaultLightFunctionMaterial.uasset" 223
"../../../Engine/Content/EngineMaterials/MiniFont.uasset" 224
"../../../Engine/Content/EngineResources/WhiteSquareTexture.uasset" 225
"../../../Engine/Content/EngineMaterials/Widget3DPassThrough.uasset" 226
"../../../Engine/Content/EngineMaterials/Widget3DPassThrough_Opaque.uasset" 227
"../../../Engine/Content/EngineMaterials/Widget3DPassThrough_Opaque_OneSided.uasset" 228
"../../../Engine/Content/EngineMaterials/DefaultWhiteGrid.uasset" 229
"../../../Engine/Content/EngineMaterials/Good64x64TilingNoiseHighFreq.uasset" 230
"../../../Engine/Content/EngineMaterials/DefaultPhysicalMaterial.uasset" 231
"../../../Engine/Content/EngineMaterials/DefaultBokeh.uasset" 232
"../../../Engine/Content/EngineMaterials/DefaultBloomKernel.uasset" 233
"../../../Engine/Content/EngineMaterials/Widget3DPassThrough_Translucent.uasset" 234
"../../../Engine/Content/EngineMaterials/Widget3DPassThrough_Translucent_OneSided.uasset" 235
"../../../Engine/Content/EngineMaterials/InvalidLightmapSettings.uasset" 236
"../../../Engine/Content/EngineMaterials/M_InvalidLightmapSettings.uasset" 237
"../../../Engine/Content/EngineMaterials/Widget3DPassThrough_Masked_OneSided.uasset" 238
"../../../Engine/Content/EngineMaterials/WeightMapPlaceholderTexture.uasset" 239
"../../../Engine/Content/EngineMaterials/EditorBrushMaterial.uasset" 240
"../../../Engine/Content/EngineMaterials/PreintegratedSkinBRDF.uasset" 241
"../../../Engine/Content/Functions/Engine_MaterialFunctions02/Utility/BreakOutFloat2Components.uasset" 242
"../../../Engine/Content/EngineMaterials/DefaultPostProcessMaterial.uasset" 243
"../../../Engine/Content/Functions/Engine_MaterialFunctions02/WorldPositionOffset/CameraOffset.uasset" 244
"../../../Engine/Content/EngineMaterials/PhAT_JointLimitMaterial.uasset" 245
"../../../Engine/Content/EngineMaterials/Widget3DPassThrough_Masked.uasset" 246
"../../../Engine/Content/Maps/Templates/Thumbnails/Default.uasset" 247
"../../../Engine/Content/Maps/Templates/Thumbnails/VR-Basic.uasset" 248
"../../../Engine/Content/EditorLandscapeResources/DataLayer.uasset" 249
"../../../Engine/Content/EngineDamageTypes/DmgTypeBP_Environmental.uasset" 250
"../../../Engine/Content/EngineResources/GradientTexture0.uasset" 251
"../../../Engine/Content/EngineResources/DefaultTextureCube.uasset" 252
"../../../Engine/Content/EngineResources/DefaultTexture.uasset" 253
"../../../Engine/Content/EngineResources/Black.uasset" 254
"../../../Engine/Content/EngineSounds/Master.uasset" 255
"../../../Engine/Content/Tutorial/ContentIntroCurve.uasset" 256
"../../../Engine/Content/Tutorial/Foliage/TutorialAssets/Foliage.uasset" 257
"../../../Engine/Content/Tutorial/Landscape/TutorialAssets/Landscape.uasset" 258
"../../../Engine/Content/Tutorial/SubEditors/TutorialAssets/TutorialMaterial.uasset" 259
"../../../Engine/Content/Tutorial/SubEditors/TutorialAssets/icon_Editor_Preferences_General_40x.uasset" 260
"../../../Engine/Content/Tutorial/SubEditors/TutorialAssets/icon_ShowSkeletalMeshes_40x.uasset" 261
"../../../Engine/Content/Tutorial/SubEditors/TutorialAssets/T_SmokeSubUV_8X8.uasset" 262
"../../../Engine/Content/Tutorial/SubEditors/TutorialAssets/T_soft_smoke.uasset" 263
"../../../Engine/Content/Tutorial/SubEditors/TutorialAssets/M_smoke_subUV_blackbody.uasset" 264
"../../../Engine/Content/Tutorial/SubEditors/TutorialAssets/TutorialParticleSystem.uasset" 265
"../../../Engine/Content/Tutorial/Basics/TutorialAssets/icon_tab_Levels_40x.uasset" 266
"../../../Engine/Content/Tutorial/Paper2D/TutorialAssets/Paper2DSprite_TutorialIcon.uasset" 267
"../../../Engine/Content/Tutorial/Paper2D/TutorialAssets/Paper2DFlipbook_TutorialIcon.uasset" 268
"../../../Engine/Content/Tutorial/BlueprintTutorials/TutorialAssets/BlueprintInterface_64x.uasset" 269
"../../../Engine/Content/Tutorial/BlueprintTutorials/TutorialAssets/Blueprint_64x.uasset" 270
"../../../Engine/Content/Tutorial/BlueprintTutorials/TutorialAssets/Tutorial_BP_Interface.uasset" 271
"../../../Engine/Content/Tutorial/BlueprintTutorials/TutorialAssets/BlueprintMacroLibrary_64x.uasset" 272
"../../../Engine/Content/EditorResources/S_Actor.uasset" 273
"../../../Engine/Content/EditorResources/EmptyActor.uasset" 274
"../../../Engine/Content/EditorResources/BSPVertex.uasset" 275
"../../../Engine/Content/EditorResources/S_Trigger.uasset" 276
"../../../Engine/Content/EditorResources/LightIcons/S_LightError.uasset" 277
"../../../Engine/Content/EditorResources/AudioIcons/S_AudioComponent.uasset" 278
"../../../Engine/Content/EditorResources/AudioIcons/S_AudioComponent_AutoActivate.uasset" 279
"../../../Engine/Content/EditorMaterials/PreviewShadowIndicator.uasset" 280
"../../../Engine/Content/EditorMaterials/PreviewShadowIndicatorMaterial.uasset" 281
"../../../Engine/Content/EditorMaterials/MAT_Groups_Visibility.uasset" 282
"../../../Engine/Content/EditorMaterials/GizmoMaterial.uasset" 283
"../../../Engine/Content/EditorMaterials/MAT_Groups_Toggle.uasset" 284
"../../../Engine/Content/EditorMaterials/MatineeGroups/MAT_Groups_Anim.uasset" 285
"../../../Engine/Content/EditorMaterials/MatineeGroups/MAT_Groups_AudioMaster.uasset" 286
"../../../Engine/Content/EditorMaterials/MatineeGroups/MAT_Groups_Director.uasset" 287
"../../../Engine/Content/EditorMaterials/MatineeGroups/MAT_Groups_Slomo.uasset" 288
"../../../Engine/Content/EditorMaterials/MatineeGroups/MAT_Groups_Vector.uasset" 289
"../../../Engine/Content/EditorMaterials/MatineeGroups/MAT_Groups_Fade.uasset" 290
"../../../Engine/Content/EditorMaterials/MatineeGroups/MAT_ColorTrack.uasset" 291
"../../../Engine/Content/EditorMaterials/MatineeGroups/MAT_Groups_Float.uasset" 292
"../../../Engine/Content/EditorMaterials/MatineeGroups/MAT_Groups_Move.uasset" 293
"../../../Engine/Content/EditorMaterials/MatineeGroups/MAT_Groups_Sound.uasset" 294
"../../../Engine/Content/EditorMaterials/MatineeGroups/MAT_Groups_Event.uasset" 295
"../../../Engine/Content/EditorMaterials/ParticleSystems/PSysThumbnail_NoImage.uasset" 296
"../../../Engine/Content/EditorMaterials/ParticleSystems/PSysThumbnail_OOD.uasset" 297
"../../../Engine/Content/MobileResources/T_MobileMenu2.uasset" 298
"../../../Engine/Content/MobileResources/T_MobileControls_texture.uasset" 299
"../../../Engine/Content/MobileResources/HUD/VirtualJoystick_Background.uasset" 300
"../../../Engine/Content/MobileResources/HUD/VirtualJoystick_Thumb.uasset" 301
"../../../Engine/Content/MobileResources/HUD/LeftVirtualJoystickOnly.uasset" 302
"../../../Engine/Content/MobileResources/HUD/T_Castle_ThumbstickInner.uasset" 303
"../../../Engine/Content/MobileResources/HUD/MobileHUDButton1_off.uasset" 304
"../../../Engine/Content/MobileResources/HUD/MobileHUDButtonFire.uasset" 305
"../../../Engine/Content/MobileResources/HUD/MobileHUDButton1_on.uasset" 306
"../../../Engine/Content/MobileResources/HUD/MobileHUDButton3.uasset" 307
"../../../Engine/Content/MobileResources/HUD/MobileHUDDirectionPad3.uasset" 308
"../../../Engine/Content/MobileResources/HUD/MobileHUDDirectionPad2.uasset" 309
"../../../Engine/Content/MobileResources/HUD/MobileHUDButton2_off.uasset" 310
"../../../Engine/Content/MobileResources/HUD/AnalogHat.uasset" 311
"../../../Engine/Content/MobileResources/HUD/DefaultVirtualJoysticks.uasset" 312
"../../../Engine/Content/MobileResources/HUD/T_Castle_ThumbstickOutter.uasset" 313
"../../../Engine/Content/MobileResources/HUD/MobileHUDDirectionPad.uasset" 314
"../../../Engine/Content/MobileResources/HUD/MobileHUDButton2_on.uasset" 315
"../../../Engine/Content/MobileResources/HUD/MobileHUDDirectionStick.uasset" 316
"../../../Engine/Content/EngineMeshes/Cube.uasset" 317
"../../../Engine/Content/EngineMeshes/Sphere.uasset" 318
"../../../Engine/Content/EngineMeshes/Cylinder.uasset" 319
"../../../Engine/Content/EditorSounds/Notifications/CompileSuccess.uasset" 320
"../../../Engine/Content/EditorSounds/Notifications/CompileSuccess_Cue.uasset" 321
"../../../Engine/Content/EditorSounds/Notifications/CompileStart_Cue.uasset" 322
"../../../Engine/Content/EditorSounds/Notifications/CompileFailed.uasset" 323
"../../../Engine/Content/EditorSounds/Notifications/CompileFailed_Cue.uasset" 324
"../../../Engine/Content/EngineFonts/Faces/RobotoBold.uasset" 325
"../../../Engine/Content/EngineFonts/Faces/RobotoBoldItalic.uasset" 326
"../../../Engine/Content/EngineFonts/Faces/RobotoItalic.uasset" 327
"../../../Engine/Content/EngineFonts/Faces/RobotoLight.uasset" 328
"../../../Engine/Content/EngineFonts/Faces/RobotoRegular.uasset" 329
"../../../Engine/Content/EngineFonts/Roboto.uasset" 330
"../../../Engine/Content/EngineFonts/Faces/RobotoTiny.uasset" 331
"../../../Engine/Content/EngineFonts/RobotoTiny.uasset" 332
"../../../Engine/Content/EngineDebugMaterials/ClothMaterial_WF.uasset" 333
"../../../Engine/Content/EngineDebugMaterials/DebugMeshMaterial.uasset" 334
"../../../Engine/Content/EngineDebugMaterials/GeomMaterial.uasset" 335
"../../../Engine/Content/EngineDebugMaterials/HeatmapGradient.uasset" 336
"../../../Engine/Content/EngineDebugMaterials/BoneWeightMaterial.uasset" 337
"../../../Engine/Content/EngineDebugMaterials/ClothMaterial.uasset" 338
"../../../Engine/Content/EngineDebugMaterials/DebugEditorMaterial.uasset" 339
"../../Plugins/Media/MediaCompositing/Content/DefaultMediaPlaneTexture.uasset" 340
"../../Plugins/Media/MediaCompositing/Content/DefaultMediaPlaneMaterial.uasset" 341
"../../Plugins/2D/Paper2D/Content/PlaceholderTextures/DummySpriteTexture.uasset" 342
"../../Plugins/2D/Paper2D/Content/DummySprite.uasset" 343
"../../Plugins/2D/Paper2D/Content/DefaultPaperTerrainMaterial.uasset" 344
"../../Plugins/2D/Paper2D/Content/DefaultSpriteMaterial.uasset" 345
"../../Plugins/2D/Paper2D/Content/MaskedUnlitSpriteMaterial.uasset" 346
"../../Plugins/2D/Paper2D/Content/OpaqueUnlitSpriteMaterial.uasset" 347
"../../../../amazing-agility 4.19/Content/Blueprints/GameFiles/Checkpoint.uasset" 348
"../../../../amazing-agility 4.19/Content/Blueprints/GameFiles/Tracker.uasset" 349
"../../../Engine/Content/EngineSky/C_Sky_Cloud_Color.uasset" 350
"../../../Engine/Content/EngineSky/C_Sky_Horizon_Color.uasset" 351
"../../../Engine/Content/EngineSky/C_Sky_Zenith_Color.uasset" 352
"../../../Engine/Content/EngineSky/T_Sky_Blue.uasset" 353
"../../../Engine/Content/EngineSky/T_Sky_Clouds_M.uasset" 354
"../../../Engine/Content/EngineSky/T_Sky_Stars.uasset" 355
"../../../Engine/Content/EngineSky/M_Sky_Panning_Clouds2.uasset" 356
"../../../Engine/Content/EngineSky/SM_SkySphere.uasset" 357
"../../../Engine/Content/EngineSky/BP_Sky_Sphere.uasset" 358
"../../../../amazing-agility 4.19/Content/StarterContent/Architecture/Pillar_50x500.uasset" 359
"../../../../amazing-agility 4.19/Content/Blueprints/GameFiles/BorderFence.uasset" 360
"../../../Engine/Content/EditorMeshes/ColorCalibrator/T_ColorGrid.uasset" 361
"../../../../amazing-agility 4.19/Content/StarterContent/Materials/M_ColorGrid_LowSpec.uasset" 362
"../../../../amazing-agility 4.19/Content/StarterContent/Shapes/Shape_Pipe.uasset" 363
"../../../../amazing-agility 4.19/Content/Blueprints/GameFiles/Fence1.uasset" 364
"../../../../amazing-agility 4.19/Content/Maps/LooptyLoopMap_BuiltData.uasset" 365
"../../../../amazing-agility 4.19/Content/StarterContent/Textures/T_Ground_Grass_D.uasset" 366
"../../../../amazing-agility 4.19/Content/StarterContent/Textures/T_Ground_Grass_N.uasset" 367
"../../../../amazing-agility 4.19/Content/StarterContent/Materials/M_Ground_Grass.uasset" 368
"../../../Engine/Content/MapTemplates/SM_Template_Map_Floor.uasset" 369
"../../../../amazing-agility 4.19/Content/Audio/dogbark.uasset" 370
"../../../../amazing-agility 4.19/Content/Audio/musicForAmazingAgility.uasset" 371
"../../../../amazing-agility 4.19/Content/StarterContent/Audio/Explosion01.uasset" 372
"../../../../amazing-agility 4.19/Content/Maps/LooptyLoopMap.umap" 373
"../../../../amazing-agility 4.19/Content/Maps/TestMap_BuiltData.uasset" 374
"../../../../amazing-agility 4.19/Content/Maps/TestMap.umap" 375
"../../../../amazing-agility 4.19/Content/StarterContent/Maps/Minimal_Default_BuiltData.uasset" 376
"../../../../amazing-agility 4.19/Content/StarterContent/Materials/M_Metal_Brushed_Nickel.uasset" 377
"../../../../amazing-agility 4.19/Content/StarterContent/Textures/T_Metal_Aluminum_D.uasset" 378
"../../../../amazing-agility 4.19/Content/StarterContent/Textures/T_Metal_Gold_N.uasset" 379
"../../../../amazing-agility 4.19/Content/StarterContent/Materials/M_Metal_Burnished_Steel.uasset" 380
"../../../../amazing-agility 4.19/Content/StarterContent/Textures/T_Metal_Copper_D.uasset" 381
"../../../../amazing-agility 4.19/Content/StarterContent/Materials/M_Metal_Copper.uasset" 382
"../../../../amazing-agility 4.19/Content/StarterContent/Textures/T_Statue_M.uasset" 383
"../../../../amazing-agility 4.19/Content/StarterContent/Textures/T_Statue_N.uasset" 384
"../../../../amazing-agility 4.19/Content/StarterContent/Props/Materials/M_StatueGlass.uasset" 385
"../../../../amazing-agility 4.19/Content/StarterContent/Architecture/Floor_400x400.uasset" 386
"../../../../amazing-agility 4.19/Content/StarterContent/Audio/Starter_Background_Cue.uasset" 387
"../../../../amazing-agility 4.19/Content/StarterContent/Props/SM_Chair.uasset" 388
"../../../../amazing-agility 4.19/Content/StarterContent/Props/Materials/M_Statue.uasset" 389
"../../../../amazing-agility 4.19/Content/StarterContent/Props/SM_Statue.uasset" 390
"../../../../amazing-agility 4.19/Content/StarterContent/Textures/T_TableRound_M.uasset" 391
"../../../../amazing-agility 4.19/Content/StarterContent/Textures/T_TableRound_N.uasset" 392
"../../../../amazing-agility 4.19/Content/StarterContent/Props/Materials/M_TableRound.uasset" 393
"../../../../amazing-agility 4.19/Content/StarterContent/Props/SM_TableRound.uasset" 394
"../../../../amazing-agility 4.19/Content/StarterContent/Maps/Minimal_Default.umap" 395
"../../../../amazing-agility 4.19/Content/StarterContent/Audio/Fire01_Cue.uasset" 396
"../../../../amazing-agility 4.19/Content/StarterContent/Textures/T_Fire_SubUV.uasset" 397
"../../../../amazing-agility 4.19/Content/StarterContent/Textures/T_Fire_Tiled_D.uasset" 398
"../../../../amazing-agility 4.19/Content/StarterContent/Particles/Materials/M_Fire_SubUV.uasset" 399
"../../../../amazing-agility 4.19/Content/StarterContent/Textures/T_Water_N.uasset" 400
"../../../../amazing-agility 4.19/Content/StarterContent/Particles/Materials/M_Heat_Distortion.uasset" 401
"../../../../amazing-agility 4.19/Content/StarterContent/Particles/Materials/M_Radial_Gradient.uasset" 402
"../../../../amazing-agility 4.19/Content/StarterContent/Particles/P_Fire.uasset" 403
"../../../../amazing-agility 4.19/Content/StarterContent/Blueprints/Blueprint_Effect_Fire.uasset" 404
"../../../../amazing-agility 4.19/Content/StarterContent/Audio/Smoke01_Cue.uasset" 405
"../../../../amazing-agility 4.19/Content/StarterContent/Particles/P_Smoke.uasset" 406
"../../../../amazing-agility 4.19/Content/StarterContent/Blueprints/Blueprint_Effect_Smoke.uasset" 407
"../../../../amazing-agility 4.19/Content/StarterContent/Audio/Fire_Sparks01_Cue.uasset" 408
"../../../../amazing-agility 4.19/Content/StarterContent/Textures/T_Spark_Core.uasset" 409
"../../../../amazing-agility 4.19/Content/StarterContent/Particles/Materials/M_Spark.uasset" 410
"../../../../amazing-agility 4.19/Content/StarterContent/Particles/P_Sparks.uasset" 411
"../../../../amazing-agility 4.19/Content/StarterContent/Blueprints/Blueprint_Effect_Sparks.uasset" 412
"../../../../amazing-agility 4.19/Content/StarterContent/Audio/Steam01_Cue.uasset" 413
"../../../../amazing-agility 4.19/Content/StarterContent/Particles/P_Steam_Lit.uasset" 414
"../../../../amazing-agility 4.19/Content/StarterContent/Blueprints/Blueprint_Effect_Steam.uasset" 415
"../../../../amazing-agility 4.19/Content/StarterContent/Textures/T_Lamp_M.uasset" 416
"../../../../amazing-agility 4.19/Content/StarterContent/Textures/T_Lamp_N.uasset" 417
"../../../../amazing-agility 4.19/Content/StarterContent/Props/Materials/M_Lamp.uasset" 418
"../../../../amazing-agility 4.19/Content/StarterContent/Props/SM_Lamp_Ceiling.uasset" 419
"../../../../amazing-agility 4.19/Content/StarterContent/Blueprints/Blueprint_CeilingLight.uasset" 420
"../../../../amazing-agility 4.19/Content/StarterContent/Props/SM_Lamp_Wall.uasset" 421
"../../../../amazing-agility 4.19/Content/StarterContent/Blueprints/Blueprint_WallSconce.uasset" 422
"../../../../amazing-agility 4.19/Content/StarterContent/Maps/StarterMap_BuiltData.uasset" 423
"../../../Engine/Content/Functions/Engine_MaterialFunctions03/Procedurals/ComputeFilterWidth.uasset" 424
"../../../Engine/Content/EngineMaterials/AntiAliasedTextMaterialTranslucent.uasset" 425
"../../../../amazing-agility 4.19/Content/StarterContent/Textures/T_Brick_Clay_Beveled_D.uasset" 426
"../../../../amazing-agility 4.19/Content/StarterContent/Textures/T_Brick_Clay_Beveled_M.uasset" 427
"../../../../amazing-agility 4.19/Content/StarterContent/Textures/T_Brick_Clay_Beveled_N.uasset" 428
"../../../../amazing-agility 4.19/Content/StarterContent/Materials/M_Brick_Clay_Beveled.uasset" 429
"../../../../amazing-agility 4.19/Content/StarterContent/Textures/T_Brick_Clay_Old_D.uasset" 430
"../../../../amazing-agility 4.19/Content/StarterContent/Textures/T_Brick_Clay_Old_N.uasset" 431
"../../../../amazing-agility 4.19/Content/StarterContent/Materials/M_Brick_Clay_Old.uasset" 432
"../../../../amazing-agility 4.19/Content/StarterContent/Textures/T_Brick_Cut_Stone_D.uasset" 433
"../../../../amazing-agility 4.19/Content/StarterContent/Textures/T_Brick_Cut_Stone_N.uasset" 434
"../../../../amazing-agility 4.19/Content/StarterContent/Materials/M_Brick_Cut_Stone.uasset" 435
"../../../../amazing-agility 4.19/Content/StarterContent/Textures/T_Brick_Hewn_Stone_D.uasset" 436
"../../../../amazing-agility 4.19/Content/StarterContent/Textures/T_Brick_Hewn_Stone_M.uasset" 437
"../../../../amazing-agility 4.19/Content/StarterContent/Textures/T_Brick_Hewn_Stone_N.uasset" 438
"../../../../amazing-agility 4.19/Content/StarterContent/Materials/M_Brick_Hewn_Stone.uasset" 439
"../../../../amazing-agility 4.19/Content/StarterContent/Textures/T_Ceramic_Tile_M.uasset" 440
"../../../../amazing-agility 4.19/Content/StarterContent/Textures/T_Ceramic_Tile_N.uasset" 441
"../../../../amazing-agility 4.19/Content/StarterContent/Textures/T_Rock_Marble_Polished_D.uasset" 442
"../../../../amazing-agility 4.19/Content/StarterContent/Materials/M_Ceramic_Tile_Checker.uasset" 443
"../../../../amazing-agility 4.19/Content/StarterContent/Textures/T_CobbleStone_Rough_D.uasset" 444
"../../../../amazing-agility 4.19/Content/StarterContent/Textures/T_CobbleStone_Rough_N.uasset" 445
"../../../../amazing-agility 4.19/Content/StarterContent/Textures/T_Gradinet_01.uasset" 446
"../../../../amazing-agility 4.19/Content/StarterContent/Textures/T_Rock_Smooth_Granite_D.uasset" 447
"../../../../amazing-agility 4.19/Content/StarterContent/Materials/M_CobbleStone_Rough.uasset" 448
"../../../../amazing-agility 4.19/Content/StarterContent/Textures/T_CobbleStone_Smooth_D.uasset" 449
"../../../../amazing-agility 4.19/Content/StarterContent/Textures/T_CobbleStone_Smooth_M.uasset" 450
"../../../../amazing-agility 4.19/Content/StarterContent/Textures/T_CobbleStone_Smooth_N.uasset" 451
"../../../../amazing-agility 4.19/Content/StarterContent/Materials/M_CobbleStone_Smooth.uasset" 452
"../../../../amazing-agility 4.19/Content/StarterContent/Textures/T_Concrete_Grime_D.uasset" 453
"../../../../amazing-agility 4.19/Content/StarterContent/Textures/T_Metal_Rust_N.uasset" 454
"../../../../amazing-agility 4.19/Content/StarterContent/Materials/M_Concrete_Grime.uasset" 455
"../../../../amazing-agility 4.19/Content/StarterContent/Textures/T_Concrete_Panels_D.uasset" 456
"../../../../amazing-agility 4.19/Content/StarterContent/Textures/T_Concrete_Panels_N.uasset" 457
"../../../../amazing-agility 4.19/Content/StarterContent/Materials/M_Concrete_Panels.uasset" 458
"../../../../amazing-agility 4.19/Content/StarterContent/Textures/T_Concrete_Poured_D.uasset" 459
"../../../../amazing-agility 4.19/Content/StarterContent/Textures/T_Concrete_Poured_N.uasset" 460
"../../../../amazing-agility 4.19/Content/StarterContent/Materials/M_Concrete_Poured.uasset" 461
"../../../../amazing-agility 4.19/Content/StarterContent/Textures/T_Concrete_Tiles_D.uasset" 462
"../../../../amazing-agility 4.19/Content/StarterContent/Textures/T_Concrete_Tiles_M.uasset" 463
"../../../../amazing-agility 4.19/Content/StarterContent/Textures/T_Concrete_Tiles_N.uasset" 464
"../../../../amazing-agility 4.19/Content/StarterContent/Textures/T_Concrete_Tiles_Variation_M.uasset" 465
"../../../../amazing-agility 4.19/Content/StarterContent/Materials/M_Concrete_Tiles.uasset" 466
"../../../../amazing-agility 4.19/Content/StarterContent/Textures/T_Ground_Gravel_D.uasset" 467
"../../../../amazing-agility 4.19/Content/StarterContent/Textures/T_Ground_Gravel_N.uasset" 468
"../../../../amazing-agility 4.19/Content/StarterContent/Materials/M_Ground_Gravel.uasset" 469
"../../../../amazing-agility 4.19/Content/StarterContent/Textures/T_ground_Moss_D.uasset" 470
"../../../../amazing-agility 4.19/Content/StarterContent/Textures/T_Ground_Moss_N.uasset" 471
"../../../../amazing-agility 4.19/Content/StarterContent/Materials/M_Ground_Moss.uasset" 472
"../../../../amazing-agility 4.19/Content/StarterContent/Materials/M_Metal_Chrome.uasset" 473
"../../../../amazing-agility 4.19/Content/StarterContent/Textures/T_Metal_Gold_D.uasset" 474
"../../../../amazing-agility 4.19/Content/StarterContent/Materials/M_Metal_Gold.uasset" 475
"../../../../amazing-agility 4.19/Content/StarterContent/Textures/T_Metal_Rust_D.uasset" 476
"../../../../amazing-agility 4.19/Content/StarterContent/Materials/M_Metal_Rust.uasset" 477
"../../../../amazing-agility 4.19/Content/StarterContent/Textures/T_Metal_Steel_D.uasset" 478
"../../../../amazing-agility 4.19/Content/StarterContent/Textures/T_Metal_Steel_N.uasset" 479
"../../../../amazing-agility 4.19/Content/StarterContent/Materials/M_Metal_Steel.uasset" 480
"../../../../amazing-agility 4.19/Content/StarterContent/Textures/T_Rock_Basalt_N.uasset" 481
"../../../../amazing-agility 4.19/Content/StarterContent/Materials/M_Rock_Basalt.uasset" 482
"../../../../amazing-agility 4.19/Content/StarterContent/Materials/M_Rock_Marble_Polished.uasset" 483
"../../../../amazing-agility 4.19/Content/StarterContent/Textures/T_Rock_Sandstone_D.uasset" 484
"../../../../amazing-agility 4.19/Content/StarterContent/Textures/T_Rock_Sandstone_N.uasset" 485
"../../../../amazing-agility 4.19/Content/StarterContent/Materials/M_Rock_Sandstone.uasset" 486
"../../../../amazing-agility 4.19/Content/StarterContent/Textures/T_Rock_Slate_D.uasset" 487
"../../../../amazing-agility 4.19/Content/StarterContent/Textures/T_Rock_Slate_N.uasset" 488
"../../../../amazing-agility 4.19/Content/StarterContent/Materials/M_Rock_Slate.uasset" 489
"../../../../amazing-agility 4.19/Content/StarterContent/Textures/T_Checker_Noise_M.uasset" 490
"../../../../amazing-agility 4.19/Content/StarterContent/Textures/T_Single_Tile_N.uasset" 491
"../../../../amazing-agility 4.19/Content/StarterContent/Textures/T_Tech_Dot_M.uasset" 492
"../../../../amazing-agility 4.19/Content/StarterContent/Textures/T_Tech_Dot_N.uasset" 493
"../../../../amazing-agility 4.19/Content/StarterContent/Materials/M_Tech_Checker_Dot.uasset" 494
"../../../../amazing-agility 4.19/Content/StarterContent/Textures/T_Tech_Hex_Tile_M.uasset" 495
"../../../../amazing-agility 4.19/Content/StarterContent/Textures/T_Tech_Hex_Tile_N.uasset" 496
"../../../../amazing-agility 4.19/Content/StarterContent/Materials/M_Tech_Hex_Tile.uasset" 497
"../../../../amazing-agility 4.19/Content/StarterContent/Materials/M_Tech_Hex_Tile_Pulse.uasset" 498
"../../../../amazing-agility 4.19/Content/StarterContent/Textures/T_Tech_Panel_M.uasset" 499
"../../../../amazing-agility 4.19/Content/StarterContent/Textures/T_Tech_Panel_N.uasset" 500
"../../../../amazing-agility 4.19/Content/StarterContent/Materials/M_Tech_Panel.uasset" 501
"../../../../amazing-agility 4.19/Content/StarterContent/Materials/M_Water_Lake.uasset" 502
"../../../../amazing-agility 4.19/Content/StarterContent/Textures/T_Water_M.uasset" 503
"../../../../amazing-agility 4.19/Content/StarterContent/Materials/M_Water_Ocean.uasset" 504
"../../../Engine/Content/Functions/Engine_MaterialFunctions01/Opacity/AlphaOffset.uasset" 505
"../../../../amazing-agility 4.19/Content/StarterContent/Materials/M_Wood_Floor_Walnut_Worn.uasset" 506
"../../../../amazing-agility 4.19/Content/StarterContent/Textures/T_Wood_Oak_D.uasset" 507
"../../../../amazing-agility 4.19/Content/StarterContent/Textures/T_Wood_Oak_N.uasset" 508
"../../../../amazing-agility 4.19/Content/StarterContent/Materials/M_Wood_Oak.uasset" 509
"../../../../amazing-agility 4.19/Content/StarterContent/Textures/T_Wood_Pine_D.uasset" 510
"../../../../amazing-agility 4.19/Content/StarterContent/Textures/T_Wood_Pine_N.uasset" 511
"../../../../amazing-agility 4.19/Content/StarterContent/Materials/M_Wood_Pine.uasset" 512
"../../../../amazing-agility 4.19/Content/StarterContent/Textures/T_Wood_Walnut_D.uasset" 513
"../../../../amazing-agility 4.19/Content/StarterContent/Textures/T_Wood_Walnut_N.uasset" 514
"../../../../amazing-agility 4.19/Content/StarterContent/Materials/M_Wood_Walnut.uasset" 515
"../../../../amazing-agility 4.19/Content/StarterContent/Architecture/Wall_400x200.uasset" 516
"../../../../amazing-agility 4.19/Content/StarterContent/Architecture/Wall_Door_400x300.uasset" 517
"../../../../amazing-agility 4.19/Content/StarterContent/Architecture/Wall_Window_400x300.uasset" 518
"../../../../amazing-agility 4.19/Content/StarterContent/Audio/Collapse_Cue.uasset" 519
"../../../../amazing-agility 4.19/Content/StarterContent/Audio/Starter_Music_Cue.uasset" 520
"../../../../amazing-agility 4.19/Content/StarterContent/Textures/T_Dust_Particle_D.uasset" 521
"../../../../amazing-agility 4.19/Content/StarterContent/Particles/Materials/M_Dust_Particle.uasset" 522
"../../../../amazing-agility 4.19/Content/StarterContent/Particles/P_Ambient_Dust.uasset" 523
"../../../../amazing-agility 4.19/Content/StarterContent/Props/MaterialSphere.uasset" 524
"../../../../amazing-agility 4.19/Content/StarterContent/Textures/T_Frame_M.uasset" 525
"../../../../amazing-agility 4.19/Content/StarterContent/Textures/T_Frame_N.uasset" 526
"../../../../amazing-agility 4.19/Content/StarterContent/Props/Materials/M_Frame.uasset" 527
"../../../../amazing-agility 4.19/Content/StarterContent/Props/SM_CornerFrame.uasset" 528
"../../../../amazing-agility 4.19/Content/StarterContent/Props/SM_DoorFrame.uasset" 529
"../../../../amazing-agility 4.19/Content/StarterContent/Props/SM_GlassWindow.uasset" 530
"../../../../amazing-agility 4.19/Content/StarterContent/Props/SM_PillarFrame.uasset" 531
"../../../../amazing-agility 4.19/Content/StarterContent/Props/SM_PillarFrame300.uasset" 532
"../../../../amazing-agility 4.19/Content/StarterContent/Props/SM_WindowFrame.uasset" 533
"../../../../amazing-agility 4.19/Content/StarterContent/Shapes/Shape_Cube.uasset" 534
"../../../../amazing-agility 4.19/Content/StarterContent/Shapes/Shape_QuadPyramid.uasset" 535
"../../../../amazing-agility 4.19/Content/StarterContent/Shapes/Shape_Sphere.uasset" 536
"../../../../amazing-agility 4.19/Content/StarterContent/Maps/StarterMap.umap" 537
"../../../../amazing-agility 4.19/Content/StarterContent/Blueprints/Assets/FogBrightnessLUT.uasset" 538
"../../../../amazing-agility 4.19/Content/StarterContent/Blueprints/Assets/SunlightColorLUT.uasset" 539
"../../../../amazing-agility 4.19/Content/StarterContent/Blueprints/Assets/M_LightStage_Arrows.uasset" 540
"../../../Engine/Content/MapTemplates/Sky/DaylightAmbientCubemap.uasset" 541
"../../../../amazing-agility 4.19/Content/StarterContent/Blueprints/Assets/M_LightStage_Skybox_Master.uasset" 542
"../../../../amazing-agility 4.19/Content/StarterContent/Blueprints/Assets/M_LightStage_Skybox_Black.uasset" 543
"../../../../amazing-agility 4.19/Content/StarterContent/Blueprints/Assets/M_LightStage_Skybox_HDRI.uasset" 544
"../../../Engine/Content/EditorMaterials/Thumbnails/SkySphereMaterial.uasset" 545
"../../../../amazing-agility 4.19/Content/StarterContent/Blueprints/Assets/Skybox.uasset" 546
"../../../../amazing-agility 4.19/Content/StarterContent/Blueprints/Assets/SM_Arrows.uasset" 547
"../../../../amazing-agility 4.19/Content/StarterContent/HDRI/HDRI_Epic_Courtyard_Daylight.uasset" 548
"../../../../amazing-agility 4.19/Content/StarterContent/Blueprints/BP_LightStudio.uasset" 549
"../../../../amazing-agility 4.19/Content/StarterContent/Maps/Advanced_Lighting_BuiltData.uasset" 550
"../../../../amazing-agility 4.19/Content/StarterContent/Materials/M_AssetPlatform.uasset" 551
"../../../Engine/Content/EditorMeshes/ColorCalibrator/M_ChromeBall.uasset" 552
"../../../Engine/Content/EditorMeshes/ColorCalibrator/M_ClearCoat.uasset" 553
"../../../Engine/Content/EditorMeshes/ColorCalibrator/M_ClearCoatBlack.uasset" 554
"../../../Engine/Content/EditorMeshes/ColorCalibrator/Color_checker.uasset" 555
"../../../Engine/Content/EditorMeshes/ColorCalibrator/M_ColorGrid.uasset" 556
"../../../Engine/Content/EditorMeshes/ColorCalibrator/M_GreyBall.uasset" 557
"../../../Engine/Content/EditorMeshes/ColorCalibrator/SM_ColorCalibrator.uasset" 558
"../../../../amazing-agility 4.19/Content/StarterContent/Architecture/SM_AssetPlatform.uasset" 559
"../../../../amazing-agility 4.19/Content/StarterContent/Maps/Advanced_Lighting.umap" 560
"../../../Engine/Content/Maps/Entry.umap" 561
